\BOOKMARK [0][-]{section*.3}{مقدمه}{}% 1
\BOOKMARK [0][-]{chapter*.5}{ فصل اول: زمینه ها و مفاهیم}{}% 2
\BOOKMARK [1][-]{section*.6}{مدخل}{chapter*.5}% 3
\BOOKMARK [1][-]{section*.7}{گفتار اول: آغاز تغییرات; دورانسان}{chapter*.5}% 4
\BOOKMARK [2][-]{section*.8}{بند اول: مرحله اول \(1945 – 50/1800\)}{section*.7}% 5
\BOOKMARK [2][-]{section*.9}{بند دوم: مرحله دوم \(2015- 1945\)}{section*.7}% 6
\BOOKMARK [2][-]{section*.10}{بند سوم: مرحله سوم \(تا... - 2015\)}{section*.7}% 7
\BOOKMARK [1][-]{section*.11}{گفتار دوم: تغییرات‌اقلیمی}{chapter*.5}% 8
\BOOKMARK [2][-]{section*.12}{بند اول: تعریف}{section*.11}% 9
\BOOKMARK [3][-]{section*.13}{ اول: تغییرات‌اقلیمی یا آب‌و‌هوایی}{section*.12}% 10
\BOOKMARK [3][-]{section*.14}{ دوم: تغییرات‌اقلیمی و علل آن}{section*.12}% 11
\BOOKMARK [2][-]{section*.15}{بند دوم: تاثیرات تغییرات‌اقلیمی بر نظام اقلیم}{section*.11}% 12
\BOOKMARK [2][-]{section*.16}{بند سوم: تاثیرات تغییرات‌اقلیمی بر جوامع انسانی}{section*.11}% 13
\BOOKMARK [1][-]{section*.17}{گفتار سوم: حق بر آینده سبز}{chapter*.5}% 14
\BOOKMARK [2][-]{section*.18}{بند اول: آینده سبز}{section*.17}% 15
\BOOKMARK [2][-]{section*.19}{بند دوم: کودک}{section*.17}% 16
\BOOKMARK [2][-]{section*.20}{بند سوم: نسل های آینده}{section*.17}% 17
\BOOKMARK [3][-]{section*.21}{ اول: تعریف نسل‌های آینده}{section*.20}% 18
\BOOKMARK [3][-]{section*.22}{ دوم: تقسیم‌بندی نسل‌ها}{section*.20}% 19
\BOOKMARK [2][-]{section*.23}{*نتیجه‌گیری}{section*.17}% 20
\BOOKMARK [0][-]{chapter*.24}{فصل دوم: تاثیر تغییرات‌اقلیمی بر ذی‌نفعان حق بر آینده سبز}{}% 21
\BOOKMARK [0][-]{chapter*.25}{فصل سوم: آرمان‌های بین‌المللی، سازکارها و تعهدات حمایت از حقِ بر آینده‌سبز}{}% 22
\BOOKMARK [0][-]{section*.26}{نتیجه‌گیری}{}% 23
\BOOKMARK [0][-]{chapter*.28}{ فهرست منابع}{}% 24
\BOOKMARK [1][-]{section*.29}{منابع فارسی}{chapter*.28}% 25
\BOOKMARK [1][-]{section*.33}{منابع انگلیسی}{chapter*.28}% 26
\BOOKMARK [1][-]{section*.38}{منابع الکترونیک}{chapter*.28}% 27
